<?xml version="1.0" encoding="UTF-8"?>
<!-- Generated by org.testng.reporters.JUnitReportReporter -->
<testsuite hostname="DESKTOP-KRSHI2A" failures="0" tests="1" name="com.runner.TestRunner" time="15.081" errors="0" timestamp="2023-03-15T13:03:01 IST" skipped="0">
  <testcase classname="com.runner.TestRunner" name="runScenario" time="15.081"/>
  <system-out/>
</testsuite> <!-- com.runner.TestRunner -->
